<?xml version="1.0" encoding="UTF-8"?>
<testng-results ignored="0" total="1" passed="1" failed="0" skipped="0">
  <reporter-output>
  </reporter-output>
  <suite started-at="2022-07-22T15:41:12 IST" name="testng Suite" finished-at="2022-07-22T15:42:42 IST" duration-ms="90395">
    <groups>
    </groups>
    <test started-at="2022-07-22T15:41:12 IST" name="automation" finished-at="2022-07-22T15:42:42 IST" duration-ms="90395">
      <class name="driver.DriverScript">
        <test-method is-config="true" signature="loadClassFiles()[pri:0, instance:driver.DriverScript@71d44a3]" started-at="2022-07-22T15:41:12 IST" name="loadClassFiles" finished-at="2022-07-22T15:41:12 IST" duration-ms="369" status="PASS">
          <reporter-output>
          </reporter-output>
        </test-method> <!-- loadClassFiles -->
        <test-method signature="executeTestSuite()[pri:0, instance:driver.DriverScript@71d44a3]" started-at="2022-07-22T15:41:12 IST" name="executeTestSuite" finished-at="2022-07-22T15:42:42 IST" duration-ms="90348" status="PASS">
          <reporter-output>
          </reporter-output>
        </test-method> <!-- executeTestSuite -->
      </class> <!-- driver.DriverScript -->
    </test> <!-- automation -->
  </suite> <!-- testng Suite -->
</testng-results>
